Initial locations:
8.147237	0.814724	12.220855	0.814724	0.814724	0.814724	
9.057919	0.905792	13.586879	0.905792	0.905792	0.905792	
1.269868	0.126987	1.904802	0.126987	0.126987	0.126987	
9.133759	0.913376	13.700638	0.913376	0.913376	0.913376	
6.323592	0.632359	9.485389	0.632359	0.632359	0.632359	
0.975404	0.097540	1.463106	0.097540	0.097540	0.097540	
2.784982	0.278498	4.177473	0.278498	0.278498	0.278498	
5.468815	0.546882	8.203223	0.546882	0.546882	0.546882	
9.575068	0.957507	14.362603	0.957507	0.957507	0.957507	
9.648885	0.964889	14.473328	0.964889	0.964889	0.964889	
1.576131	0.157613	2.364196	0.157613	0.157613	0.157613	
9.705928	0.970593	14.558892	0.970593	0.970593	0.970593	
Next location:
6.422187	0.604688	11.794425	0.762854	0.694284	0.714263	
9.549263	0.991054	14.718659	0.928282	0.903938	0.989259	
3.872925	0.873397	5.625452	0.612766	0.772001	0.990209	
6.654632	0.636477	10.733414	0.642456	0.640997	0.639610	
6.794793	0.724664	13.160295	0.842184	0.694176	0.902417	
3.780480	0.170169	3.721800	0.752727	0.849111	0.915573	
9.430446	0.723184	9.437089	0.726625	0.910159	0.846811	
6.376337	0.520528	11.201096	0.962687	0.956554	0.743240	
9.135653	0.903811	13.666490	0.895575	0.894275	0.915376	
6.003256	0.604822	9.038782	0.600555	0.604236	0.594963	
8.644972	0.564027	12.924332	0.992449	0.919815	0.346574	
6.822126	0.682213	10.233189	0.682213	0.682213	0.682213	
Iteration 1.000000 
8.974584	0.794543	14.411384	0.659074	0.745993	0.858826	
9.271079	0.827365	14.456678	0.980162	0.921510	0.154652	
8.663185	0.112257	8.684519	0.486652	0.790390	0.253823	
7.530347	0.539934	14.342995	0.970649	0.903191	0.631801	
9.579635	0.543397	13.962422	0.938455	0.881033	0.508595	
7.992113	0.510774	12.100485	0.628456	0.846206	0.799751	
8.678948	0.784098	12.285544	0.609588	0.755843	0.255599	
7.736800	0.979516	12.307475	0.812573	0.891916	0.378604	
9.988966	0.982573	14.618379	0.812039	0.882011	0.169370	
7.695522	0.446995	12.965808	0.899223	0.408022	0.608392	
8.527492	0.726592	11.191080	0.667576	0.711156	0.422158	
7.194862	0.919705	8.209872	0.533316	0.890957	0.765882	
Iteration 2.000000 
9.482123	0.290188	14.670081	0.621737	0.973492	0.499849	
8.326172	0.445342	10.766131	0.480955	0.657670	0.690464	
8.351259	0.282004	9.908145	0.436206	0.797746	0.040732	
8.659747	0.348408	8.380496	0.843983	0.855534	0.623601	
9.959324	0.106245	10.810586	0.887354	0.998546	0.044233	
8.572283	0.571912	12.169515	0.796287	0.893084	0.491323	
9.406618	0.004238	8.251268	0.766898	0.937473	0.015860	
8.641007	0.008992	6.252595	0.758964	0.934376	0.657618	
8.161949	0.148517	8.693412	0.631313	0.924808	0.050922	
9.279395	0.084694	13.379887	0.377006	0.974450	0.312841	
9.984853	0.047277	14.914580	0.734741	0.766330	0.203930	
6.311220	0.964519	8.963794	0.908691	0.951784	0.119227	
Iteration 3.000000 
9.607280	0.054460	13.010081	0.230349	0.912829	0.060799	
8.212966	0.184341	12.970328	0.198779	0.658100	0.664225	
8.868001	0.198329	11.912805	0.387090	0.908507	0.260308	
9.227778	0.133535	6.191249	0.088109	0.928105	0.564414	
9.396725	0.070532	11.249998	0.481707	0.979240	0.081501	
9.859067	0.174421	13.126348	0.402696	0.995796	0.595882	
9.478573	0.268639	9.409786	0.213474	0.946388	0.323058	
9.291066	0.312236	6.639563	0.012331	0.983738	0.427772	
8.310475	0.272900	14.025376	0.392418	0.961771	0.062183	
9.510572	0.127982	13.545518	0.168119	0.798979	0.194620	
9.534063	0.207168	13.679068	0.659977	0.713023	0.148791	
4.387049	0.324111	7.029032	0.205301	0.949078	0.700284	
Iteration 4.000000 
9.362558	0.172310	12.308946	0.017064	0.867557	0.784942	
8.167683	0.079940	13.852007	0.085909	0.658271	0.653729	
9.762222	0.015782	12.768027	0.004816	0.997607	0.802029	
8.194677	0.099751	13.265680	0.094721	0.732825	0.577509	
8.469172	0.075823	12.566388	0.367506	0.774063	0.707079	
9.797671	0.116205	13.242568	0.162366	0.918235	0.678703	
7.023785	0.166974	10.568603	0.019054	0.867344	0.190332	
7.261394	0.336747	11.991728	0.786183	0.373816	0.730720	
8.225838	0.245755	6.144248	0.289995	0.514973	0.989485	
9.429899	0.026142	13.215867	0.152104	0.932774	0.263142	
7.080295	0.091898	12.245346	0.124636	0.821088	0.376707	
2.985592	0.836530	11.616881	0.217291	0.947359	0.973199	
Iteration 5.000000 
8.826129	0.104972	12.560410	0.358552	0.918967	0.887490	
8.373392	0.042572	11.669349	0.316334	0.731202	0.730390	
6.743784	0.172844	11.716004	0.729943	0.556912	0.638444	
8.109701	0.078970	13.361183	0.287611	0.712152	0.617550	
8.098151	0.077939	13.092944	0.321825	0.691993	0.957310	
8.958123	0.008171	12.704181	0.098815	0.849682	0.719891	
8.810868	0.087198	11.011187	0.997434	0.930472	0.052898	
6.939401	0.556209	8.965150	0.975807	0.806666	0.808288	
8.440470	0.318158	12.269075	0.424950	0.884077	0.177488	
8.902474	0.057004	12.464549	0.388280	0.789208	0.667974	
8.636551	0.057923	13.982884	0.618601	0.640121	0.216452	
9.310382	0.896597	10.373798	0.863646	0.767686	0.948301	
Iteration 6.000000 
8.735114	0.015324	12.532312	0.551685	0.933009	0.830267	
9.022206	0.102868	13.906337	0.387840	0.742283	0.691263	
8.416318	0.210926	12.599288	0.596139	0.635268	0.454474	
8.908193	0.030192	13.958972	0.539278	0.815734	0.698121	
8.473893	0.045513	12.812461	0.387445	0.731175	0.952884	
8.561485	0.014813	12.097680	0.278957	0.720476	0.731689	
9.312427	0.107808	9.181909	0.116554	0.758697	0.835484	
9.154578	0.246243	8.939331	0.797001	0.858410	0.695531	
8.382614	0.436609	10.754646	0.550849	0.853577	0.259387	
8.691503	0.069349	12.164022	0.482751	0.731782	0.829907	
9.568314	0.090293	12.960629	0.691900	0.677781	0.626888	
8.420800	0.021900	9.976170	0.699228	0.775595	0.927834	
Iteration 7.000000 
9.007430	0.005770	12.445545	0.465114	0.839895	0.629080	
7.801427	0.211567	10.916176	0.044619	0.733097	0.612281	
9.800584	0.010689	11.634237	0.267430	0.884831	0.468828	
7.924735	0.113049	12.914780	0.054267	0.697521	0.641985	
9.227922	0.035022	12.464414	0.414504	0.821883	0.520040	
8.900341	0.032846	12.009272	0.546582	0.783323	0.683665	
9.987636	0.185154	11.460476	0.276893	0.897294	0.477185	
9.963112	0.094874	14.905450	0.356283	0.901150	0.557081	
8.937838	0.553279	11.858809	0.338984	0.953504	0.760638	
8.913495	0.051719	12.475355	0.291354	0.860258	0.563838	
9.110428	0.096644	12.163937	0.287910	0.815919	0.859906	
9.556106	0.324878	14.107996	0.489538	0.805417	0.535537	
Iteration 8.000000 
9.003598	0.035436	12.509614	0.490376	0.840333	0.552403	
9.622844	0.013547	14.640375	0.428906	0.743306	0.492558	
9.973211	0.062980	12.876864	0.112111	0.994473	0.514400	
9.193478	0.066188	12.554223	0.244763	0.671717	0.505945	
9.529534	0.030826	12.325196	0.425328	0.858166	0.346902	
9.348636	0.015270	12.959993	0.115679	0.848045	0.412189	
8.156610	0.218520	13.300178	0.792336	0.886642	0.229176	
9.678978	0.134977	13.051705	0.278866	0.789682	0.434011	
8.516475	0.245643	12.245702	0.546410	0.863201	0.146738	
9.340341	0.046426	12.573455	0.384551	0.804916	0.587773	
8.990507	0.096528	12.282987	0.347235	0.876149	0.851917	
8.726642	0.627239	8.285933	0.373710	0.801950	0.406191	
Iteration 9.000000 
9.277300	0.047135	12.472432	0.381479	0.815820	0.467865	
9.124867	0.259964	11.866428	0.303673	0.798069	0.668652	
8.432083	0.076860	12.637818	0.239065	0.891987	0.491514	
9.765118	0.012772	12.278630	0.453337	0.833069	0.475881	
9.002757	0.038530	12.491851	0.405710	0.862965	0.460376	
9.016927	0.035075	12.135010	0.340045	0.701066	0.813731	
8.968935	0.564826	12.208381	0.921775	0.814419	0.162502	
9.030046	0.026311	11.399255	0.309936	0.748700	0.473736	
9.064841	0.291703	12.721647	0.409312	0.822423	0.109332	
9.016594	0.038510	12.465228	0.428972	0.760958	0.591536	
9.397651	0.077337	12.500738	0.471229	0.780757	0.858890	
8.489732	0.537980	14.873761	0.373114	0.787823	0.940637	
Iteration 10.000000 
8.827235	0.027066	12.466816	0.384527	0.817228	0.629113	
7.410717	0.035529	12.891907	0.233179	0.735576	0.709743	
9.471337	0.083832	10.740033	0.630358	0.789387	0.468895	
8.685638	0.055348	12.517647	0.284977	0.819966	0.503966	
9.232187	0.028618	12.542033	0.416789	0.823559	0.648487	
9.156482	0.042901	12.017105	0.538243	0.826289	0.720885	
9.150647	0.011731	9.602737	0.726160	0.831976	0.612335	
9.616832	0.150083	13.233439	0.390324	0.838594	0.478740	
9.536104	0.361165	12.886951	0.356433	0.805304	0.014920	
8.964538	0.052745	12.420490	0.389216	0.829866	0.520920	
9.054565	0.019386	12.305050	0.395626	0.794852	0.674276	
9.639046	0.089902	12.915498	0.942834	0.794496	0.347426	
Iteration 11.000000 
9.391150	0.042511	12.541613	0.587165	0.834069	0.416833	
9.741554	0.054561	13.058335	0.266548	0.802469	0.348588	
9.908267	0.093974	13.324193	0.397933	0.839826	0.478854	
9.791568	0.040328	12.604035	0.295172	0.534214	0.543521	
9.314108	0.037069	12.431762	0.416791	0.804615	0.569687	
9.276916	0.035958	12.321896	0.480872	0.870649	0.285125	
9.980929	0.197611	13.291255	0.627382	0.819320	0.644178	
9.822066	0.161212	12.767927	0.375760	0.863175	0.487072	
9.107975	0.580432	12.747378	0.517309	0.826660	0.810049	
9.000650	0.039296	12.484700	0.394326	0.781006	0.509621	
9.099230	0.025856	12.269425	0.379832	0.817202	0.350879	
9.299012	0.096028	11.526421	0.336338	0.811616	0.233218	
Iteration 12.000000 
9.248473	0.040906	12.509043	0.425326	0.835296	0.645928	
7.361267	0.027466	12.087932	0.432863	0.834305	0.842475	
9.152099	0.173184	10.690365	0.149421	0.853553	0.509835	
9.651450	0.082746	12.350338	0.336131	0.773596	0.453267	
9.260070	0.037635	12.506578	0.409856	0.817694	0.436641	
9.126809	0.037423	12.647993	0.397589	0.829902	0.706089	
9.876812	0.348865	13.578642	0.497917	0.818915	0.422876	
9.082587	0.056464	12.620723	0.388682	0.680424	0.429948	
8.873082	0.406370	12.533674	0.421123	0.830691	0.157232	
9.431015	0.030185	12.488606	0.403592	0.794773	0.525501	
9.282528	0.029346	12.552381	0.417433	0.834418	0.317356	
9.162797	0.015600	11.622821	0.191291	0.829719	0.264277	
Iteration 13.000000 
8.831045	0.022648	12.430463	0.388827	0.841982	0.408575	
9.609229	0.002866	11.794295	0.486538	0.841731	0.889787	
9.791779	0.336111	13.654845	0.297049	0.885396	0.503825	
7.983745	0.003792	12.603209	0.423637	0.913988	0.559613	
9.199688	0.031029	12.498617	0.411149	0.827307	0.611109	
9.111607	0.041546	11.392687	0.555869	0.796354	0.690436	
8.728890	0.311723	8.710141	0.495139	0.836471	0.774543	
8.847177	0.045894	12.447021	0.437150	0.879522	0.466386	
8.994467	0.499037	12.625526	0.378195	0.810833	0.035761	
8.765886	0.041158	12.445788	0.412269	0.828953	0.511654	
9.116274	0.031306	12.541442	0.368745	0.821980	0.544342	
9.406884	0.148702	11.762688	0.359852	0.817874	0.654207	
Iteration 14.000000 
9.479764	0.059628	12.594695	0.556447	0.837680	0.697780	
7.939468	0.032937	12.102002	0.393718	0.811780	0.609204	
9.326251	0.420467	10.750963	0.386292	0.840680	0.437991	
9.073833	0.120664	12.599053	0.394016	0.753841	0.466194	
9.233546	0.035369	12.392661	0.417371	0.814797	0.500427	
9.267595	0.043591	12.577733	0.446043	0.841198	0.654958	
9.533531	0.588161	14.158532	0.602670	0.809291	0.409802	
9.485540	0.002229	12.398527	0.429368	0.953144	0.499063	
9.426425	0.384173	12.506097	0.405799	0.822666	0.773407	
9.335443	0.041327	12.473497	0.404994	0.753646	0.508259	
9.153023	0.030159	12.337260	0.407010	0.812978	0.433679	
9.282172	0.104780	12.582114	0.455956	0.811561	0.250828	
Iteration 15.000000 
8.701582	0.001239	12.496156	0.345683	0.818434	0.493056	
8.234546	0.038559	12.836399	0.431081	0.835992	0.483955	
9.476081	0.487124	10.533960	0.239867	0.835779	0.545775	
9.831491	0.080512	12.384371	0.299522	0.665008	0.485377	
9.235743	0.036720	12.599097	0.414466	0.822743	0.471479	
9.231555	0.032739	12.265918	0.552640	0.840258	0.462553	
9.161106	0.202997	13.008695	0.750009	0.819162	0.521006	
9.554456	0.089415	12.473677	0.423228	0.660878	0.504459	
9.000087	0.028876	12.625768	0.420266	0.825744	0.764875	
9.364301	0.032532	12.495077	0.411561	0.777383	0.531249	
9.114377	0.023966	12.274601	0.387690	0.825335	0.313819	
9.221464	0.044930	12.285324	0.236871	0.822693	0.343935	
Iteration 16.000000 
9.826959	0.058191	12.436378	0.348203	0.851662	0.515356	
8.261374	0.035031	12.509601	0.424670	0.826818	0.741985	
9.636928	0.086254	12.158351	0.247052	0.822226	0.539465	
7.959766	0.033384	12.556340	0.445098	0.767871	0.545597	
9.225572	0.032658	12.467415	0.413311	0.824608	0.574019	
9.172068	0.047125	12.106563	0.459548	0.817062	0.590105	
9.119490	0.581538	10.256321	0.762281	0.839244	0.580283	
8.957869	0.061721	12.460708	0.431882	0.891735	0.483972	
9.077675	0.134751	12.572286	0.417986	0.823370	0.549228	
8.629778	0.042224	12.440508	0.384264	0.813251	0.491839	
9.256408	0.025930	12.340259	0.414366	0.811209	0.333825	
9.208229	0.028561	12.277887	0.347225	0.826007	0.679616	
Iteration 17.000000 
8.598620	0.047842	12.559265	0.696961	0.829568	0.566922	
8.988987	0.030978	11.916437	0.433978	0.821198	0.769114	
9.583508	0.284681	12.511554	0.582868	0.858548	0.494468	
8.286156	0.024992	12.543674	0.170773	0.652845	0.506644	
9.224761	0.036469	12.409545	0.413693	0.818199	0.561426	
9.138873	0.033460	12.358539	0.369338	0.810636	0.755127	
9.305619	0.225194	12.701545	0.353846	0.810888	0.581522	
8.843918	0.010693	12.448048	0.414886	0.933011	0.494600	
9.367615	0.023207	12.543215	0.412562	0.822273	0.406177	
9.754687	0.037429	12.494781	0.408090	0.792156	0.544829	
9.131129	0.039790	12.347417	0.401519	0.833218	0.569268	
9.241384	0.029822	12.291444	0.373065	0.821695	0.140546	
Iteration 18.000000 
9.037242	0.010278	11.849894	0.311737	0.829761	0.673431	
9.280033	0.029357	11.679171	0.437701	0.818950	0.779966	
9.081422	0.086931	11.495054	0.304062	0.897587	0.715582	
8.740787	0.091953	11.493700	0.304787	0.744179	0.962281	
8.836268	0.025455	12.239387	0.434556	0.820775	0.863872	
8.868206	0.033924	11.787933	0.557704	0.857845	0.805977	
8.962200	0.540026	10.200100	0.411985	0.848164	0.900144	
8.914327	0.017245	12.313744	0.466247	0.883156	0.883875	
9.122703	0.006097	11.458103	0.436217	0.821234	0.997968	
8.017793	0.030592	11.467679	0.411688	0.796455	0.537105	
9.069126	0.020711	12.053667	0.423061	0.809057	0.364771	
9.168464	0.039059	12.236638	0.129157	0.819978	0.143498	
Iteration 19.000000 
9.072667	0.060103	12.585463	0.490071	0.834045	0.751929	
9.060202	0.031465	12.106773	0.430545	0.823405	0.759258	
9.224683	0.045070	11.962181	0.284433	0.889082	0.783167	
9.406758	0.026544	13.368264	0.330756	0.772138	0.950741	
9.272156	0.048640	12.112905	0.423135	0.823427	0.254113	
9.031068	0.037342	12.015747	0.613427	0.826738	0.604797	
8.868701	0.099041	10.658763	0.958246	0.802033	0.229427	
9.038698	0.040542	12.184255	0.432611	0.757662	0.252896	
9.021086	0.015576	11.071929	0.444964	0.820773	0.923944	
8.855188	0.040913	13.122916	0.434506	0.788955	0.670252	
8.903868	0.021745	11.902042	0.372854	0.810073	0.946631	
8.990095	0.037142	12.139400	0.285352	0.825982	0.454615	
Iteration 20.000000 
9.043476	0.013789	12.233591	0.559257	0.826662	0.617187	
8.742599	0.031079	11.819375	0.428636	0.822445	0.753829	
9.059355	0.047049	11.537658	0.287349	0.790146	0.431225	
9.357311	0.016267	12.032740	0.525595	0.875377	0.785228	
9.323829	0.002447	12.025685	0.419571	0.819605	0.857441	
9.205076	0.044533	12.088688	0.416554	0.810605	0.793045	
8.953982	0.210765	12.689899	0.691698	0.791445	0.695541	
8.859580	0.041528	12.271003	0.426721	0.998557	0.694234	
8.960148	0.021359	11.042180	0.428739	0.820611	0.870110	
9.350089	0.028345	12.997452	0.372255	0.838319	0.559738	
9.212085	0.031967	12.413383	0.395608	0.836564	0.961430	
8.918428	0.026374	11.878968	0.524455	0.826435	0.956576	